<?xml version="1.0" encoding="UTF-8"?>
<!-- Generated by org.testng.reporters.JUnitXMLReporter -->
<testsuite hostname="shivam.agarwal" ignored="0" name="Default test" tests="5" failures="0" timestamp="04 Mar 2019 11:37:16 GMT" time="6.682" errors="0">
  <testcase name="Grid" time="0.451" classname="Test.TestTatoc"/>
  <testcase name="Frame" time="1.726" classname="Test.TestTatoc"/>
  <testcase name="DragDrop" time="0.612" classname="Test.TestTatoc"/>
  <testcase name="WindowPopup" time="1.418" classname="Test.TestTatoc"/>
  <testcase name="CookieHandling" time="0.765" classname="Test.TestTatoc"/>
</testsuite> <!-- Default test -->
