<?xml version="1.0" encoding="UTF-8"?>
<!-- Generated by org.testng.reporters.JUnitXMLReporter -->
<testsuite hostname="shivam.agarwal" ignored="0" name="Default test" tests="5" failures="0" timestamp="01 Mar 2019 07:14:19 GMT" time="6.108" errors="0">
  <testcase name="Grid" time="0.463" classname="Test.TestTatoc"/>
  <testcase name="Frame" time="1.424" classname="Test.TestTatoc"/>
  <testcase name="DragDrop" time="0.55" classname="Test.TestTatoc"/>
  <testcase name="WindowPopup" time="1.41" classname="Test.TestTatoc"/>
  <testcase name="CookieHandling" time="0.754" classname="Test.TestTatoc"/>
</testsuite> <!-- Default test -->
