<?xml version="1.0" encoding="UTF-8"?>
<!-- Generated by org.testng.reporters.JUnitXMLReporter -->
<testsuite hostname="shivam.agarwal" ignored="0" tests="8" failures="0" timestamp="27 Feb 2019 11:23:43 GMT" time="26.287" errors="0">
  <testcase name="VerifyBackground" time="0.088" classname="NewTest"/>
  <testcase name="VerifyDocumentExpand" time="0.265" classname="NewTest"/>
  <testcase name="VerifyDocumentImage" time="1.253" classname="NewTest"/>
  <testcase name="VerifyImage" time="0.724" classname="NewTest"/>
  <testcase name="VerifyLink" time="0.072" classname="NewTest"/>
  <testcase name="VerifyPlayPause" time="0.1" classname="NewTest"/>
  <testcase name="VerifySearchBar" time="0.056" classname="NewTest"/>
  <testcase name="VerifyTabs" time="8.869" classname="NewTest"/>
</testsuite>
