<?xml version="1.0" encoding="UTF-8"?>
<testng-results skipped="0" failed="0" ignored="0" total="5" passed="5">
  <reporter-output>
  </reporter-output>
  <suite name="Default suite" duration-ms="6108" started-at="2019-03-01T07:14:12Z" finished-at="2019-03-01T07:14:19Z">
    <groups>
    </groups>
    <test name="Default test" duration-ms="6108" started-at="2019-03-01T07:14:12Z" finished-at="2019-03-01T07:14:19Z">
      <class name="Test.TestTatoc">
        <test-method status="PASS" signature="setup()[pri:0, instance:Test.TestTatoc@66d3eec0]" name="setup" is-config="true" duration-ms="1319" started-at="2019-03-01T07:14:13Z" finished-at="2019-03-01T07:14:14Z">
          <reporter-output>
          </reporter-output>
        </test-method> <!-- setup -->
        <test-method status="PASS" signature="Grid()[pri:0, instance:Test.TestTatoc@66d3eec0]" name="Grid" duration-ms="463" started-at="2019-03-01T07:14:14Z" finished-at="2019-03-01T07:14:14Z">
          <reporter-output>
          </reporter-output>
        </test-method> <!-- Grid -->
        <test-method status="PASS" signature="Frame()[pri:1, instance:Test.TestTatoc@66d3eec0]" name="Frame" duration-ms="1424" started-at="2019-03-01T07:14:14Z" finished-at="2019-03-01T07:14:16Z">
          <reporter-output>
          </reporter-output>
        </test-method> <!-- Frame -->
        <test-method status="PASS" signature="DragDrop()[pri:3, instance:Test.TestTatoc@66d3eec0]" name="DragDrop" duration-ms="550" started-at="2019-03-01T07:14:16Z" finished-at="2019-03-01T07:14:16Z">
          <reporter-output>
          </reporter-output>
        </test-method> <!-- DragDrop -->
        <test-method status="PASS" signature="WindowPopup()[pri:4, instance:Test.TestTatoc@66d3eec0]" name="WindowPopup" duration-ms="1410" started-at="2019-03-01T07:14:16Z" finished-at="2019-03-01T07:14:18Z">
          <reporter-output>
          </reporter-output>
        </test-method> <!-- WindowPopup -->
        <test-method status="PASS" signature="CookieHandling()[pri:5, instance:Test.TestTatoc@66d3eec0]" name="CookieHandling" duration-ms="754" started-at="2019-03-01T07:14:18Z" finished-at="2019-03-01T07:14:18Z">
          <reporter-output>
          </reporter-output>
        </test-method> <!-- CookieHandling -->
        <test-method status="PASS" signature="closeSetup()[pri:0, instance:Test.TestTatoc@66d3eec0]" name="closeSetup" is-config="true" duration-ms="156" started-at="2019-03-01T07:14:18Z" finished-at="2019-03-01T07:14:19Z">
          <reporter-output>
          </reporter-output>
        </test-method> <!-- closeSetup -->
      </class> <!-- Test.TestTatoc -->
    </test> <!-- Default test -->
  </suite> <!-- Default suite -->
</testng-results>
